TTLocalizer: Running in language: English
OTPLocalizer: Running in language: English
Preloading suits...
Preloading Toon heads...
Preloading avatars...
{401000001: <toontown.distributed.ToontownDistrict.ToontownDistrict instance at 0x14FEC5F8>}
entered wait for zone redirect
entered wait for set zone response - 2
Reading DNA file... phase_4/dna/storage.pdna
Reading DNA file... phase_3.5/dna/storage_interior.pdna
Reading DNA file... phase_4/dna/storage_TT.pdna
Reading DNA file... phase_4/dna/storage_TT_sz.pdna
Reading DNA file... phase_4/dna/toontown_central_sz.pdna
entered wait for zone redirect
entered wait for set zone response - 2
{401000001: <toontown.distributed.ToontownDistrict.ToontownDistrict instance at 0x14FEC5F8>}
__handleAvatarChooserDone: 100000010, 'Toon', ('mss', 'ms', 'l', 'm', (0.54, 0.12, 0.12, 1.0), (1.0, 1.0, 1.0, 1.0), (0.54, 0.12, 0.12, 1.0), (0.54, 0.12, 0.12, 1.0), 0, 27, 0, 27, 7, 17), 0
entered wait for zone redirect
entered wait for set zone response - 2
Reading DNA file... phase_4/dna/storage.pdna
Reading DNA file... phase_3.5/dna/storage_interior.pdna
Reading DNA file... phase_4/dna/storage_TT.pdna
Reading DNA file... phase_4/dna/storage_TT_sz.pdna
Reading DNA file... phase_4/dna/toontown_central_sz.pdna
entered wait for zone redirect
entered wait for set zone response - 2
Reading DNA file... phase_5/dna/storage_town.pdna
Reading DNA file... phase_5/dna/storage_TT_town.pdna
Reading DNA file... phase_5/dna/toontown_central_2300.pdna
### newVec3 =  LVector3f(0, 7, 1.5)
### newVec3 =  LVector3f(0, 7, 0)
### newVec3 =  LVector3f(0, 7, 0.375)
### newVec3 =  LVector3f(0, 7, 0)
entered wait for zone redirect
entered wait for set zone response - 2
entered wait for zone redirect
entered wait for set zone response - 2
