TTLocalizer: Running in language: English
OTPLocalizer: Running in language: English
Preloading suits...
Preloading Toon heads...
Preloading avatars...
Traceback (most recent call last):
  File "C:\Panda3D-1.10.0\python\lib\runpy.py", line 162, in _run_module_as_main
    "__main__", fname, loader, pkg_name)
  File "C:\Panda3D-1.10.0\python\lib\runpy.py", line 72, in _run_code
    exec code in run_globals
  File "C:\Users\Tooninator\Documents\GitHub\760670809492012919SecretRepository\toontown\toonbase\ToontownDimensionsStart.py", line 190, in <module>
    cr = ToontownClientRepository.ToontownClientRepository(serverVersion)
  File "toontown\distributed\ToontownClientRepository.py", line 62, in __init__
    OTPClientRepository.OTPClientRepository.__init__(self, serverVersion, playGame=PlayGame.PlayGame)
  File "otp\distributed\OTPClientRepository.py", line 28, in __init__
    ClientRepositoryBase.__init__(self)
  File "C:\Panda3D-1.10.0\direct\distributed\ClientRepositoryBase.py", line 49, in __init__
    self.readDCFile(dcFileNames)
  File "otp\distributed\OTPClientRepository.py", line 233, in readDCFile
    self.notify.error("Could not read dc file.")
  File "C:\Panda3D-1.10.0\direct\directnotify\Notifier.py", line 130, in error
    raise exception(errorString)
StandardError: Could not read dc file.
